<?xml version="1.0" encoding="UTF-8"?>
<!-- Generated by org.testng.reporters.JUnitReportReporter -->
<testsuite hostname="nelson-lenovo" name="com.shems.mobile.ObjectFilterTestSuite" tests="1" failures="0" timestamp="11 May 2015 09:12:38 GMT" time="1.614" errors="0">
  <testcase name="testObjectFilterAll" time="1.614" classname="com.shems.mobile.ObjectFilterTestSuite"/>
</testsuite> <!-- com.shems.mobile.ObjectFilterTestSuite -->
